<?xml version="1.0" encoding="UTF-8"?>
<!-- Generated by org.testng.reporters.JUnitReportReporter -->
<testsuite hostname="LAPTOP-LG2N16NC" failures="0" tests="1" name="test_cases.Pending_Leav_Check" time="3.105" errors="0" timestamp="2020-08-03T20:25:13 IST" skipped="0">
  <testcase classname="test_cases.Pending_Leav_Check" name="leavecheck" time="3.105"/>
  <system-out/>
</testsuite> <!-- test_cases.Pending_Leav_Check -->
