<?xml version="1.0" encoding="UTF-8"?>
<!-- Generated by org.testng.reporters.JUnitReportReporter -->
<testsuite hostname="LAPTOP-LG2N16NC" failures="0" tests="1" name="test_cases.UserRoleStatus" time="3.898" errors="0" timestamp="2020-08-03T20:25:13 IST" skipped="0">
  <testcase classname="test_cases.UserRoleStatus" name="checkuserrole" time="3.898"/>
  <system-out/>
</testsuite> <!-- test_cases.UserRoleStatus -->
